<?xml version="1.0" encoding="UTF-8"?>
<!-- Generated by org.testng.reporters.JUnitReportReporter -->
<testsuite hostname="LAPTOP-VVENEK7A" name="variousConcept.LearnLocator" tests="1" failures="0" timestamp="22 Jan 2023 19:48:42 GMT" time="2.575" errors="0">
  <testcase name="testLocator" time="2.575" classname="variousConcept.LearnLocator"/>
</testsuite> <!-- variousConcept.LearnLocator -->
